First
[4, 1, 3, 2, 9, 1]
Inversions = 0
[4, 1, 3]
Inversions = 0
[4]
Inversions = 0
[1, 3]
Inversions = 0
[1]
Inversions = 0
[3]
Inversions = 0
End inversions = 0
[4] [1, 3]
New inversions = 1
[4] [1, 3]
New inversions = 2
End inversions = 2
[2, 9, 1]
Inversions = 2
[2]
Inversions = 2
[9, 1]
Inversions = 2
[9]
Inversions = 2
[1]
Inversions = 2
[9] [1]
New inversions = 3
End inversions = 3
[2] [1, 9]
New inversions = 4
End inversions = 4
[1, 3, 4] [1, 2, 9]
New inversions = 6
[1, 3, 4] [1, 2, 9]
New inversions = 8
End inversions = 8
8
-----
Second
[4, 1, 3, 2, 9, 1]
[4, 1, 3]
[4]
[1, 3]
[1]
[3]
End inversions = 0
Inversions = 0
[4] [1, 3]
New inversions = 1
[4] [1, 3]
New inversions = 2
End inversions = 2
Inversions = 2
[2, 9, 1]
[2]
[9, 1]
[9]
[1]
[9] [1]
New inversions = 1
End inversions = 1
Inversions = 1
[2] [1, 9]
New inversions = 1
End inversions = 1
Inversions = 2
[1, 3, 4] [1, 2, 9]
New inversions = 2
[1, 3, 4] [1, 2, 9]
New inversions = 4
End inversions = 4
Inversions = 8
8
-----
